<?xml version="1.0" encoding="UTF-8"?>
<!-- Generated by org.testng.reporters.JUnitReportReporter -->
<testsuite hostname="BHAGAVATH" failures="0" tests="4" name="com.Conference.TestPage.LoginTest" time="7.208" errors="0" timestamp="2025-09-22T20:39:21 IST" skipped="0">
  <testcase classname="com.Conference.TestPage.LoginTest" name="validLogin" time="1.523"/>
  <testcase classname="com.Conference.TestPage.LoginTest" name="validLogin" time="1.522"/>
  <testcase classname="com.Conference.TestPage.LoginTest" name="validLogin" time="1.677"/>
  <testcase classname="com.Conference.TestPage.LoginTest" name="validLogin" time="2.486"/>
</testsuite> <!-- com.Conference.TestPage.LoginTest -->
