<?xml version="1.0" encoding="UTF-8"?>
<!-- Generated by org.testng.reporters.JUnitReportReporter -->
<testsuite hostname="BHAGAVATH" failures="0" tests="1" name="com.Conference.TestPage.logindemo" time="4.105" errors="0" timestamp="2025-09-22T11:01:12 IST" skipped="0">
  <testcase classname="com.Conference.TestPage.logindemo" name="login" time="4.105"/>
</testsuite> <!-- com.Conference.TestPage.logindemo -->
