<?xml version="1.0" encoding="UTF-8"?>
<!-- Generated by org.testng.reporters.JUnitReportReporter -->
<testsuite hostname="BHAGAVATH" failures="0" tests="4" name="com.Conference.TestPage.LoginTest" time="6.539" errors="0" timestamp="2025-09-22T20:25:21 IST" skipped="0">
  <testcase classname="com.Conference.TestPage.LoginTest" name="validLogin" time="1.243"/>
  <testcase classname="com.Conference.TestPage.LoginTest" name="validLogin" time="1.381"/>
  <testcase classname="com.Conference.TestPage.LoginTest" name="validLogin" time="1.385"/>
  <testcase classname="com.Conference.TestPage.LoginTest" name="validLogin" time="2.530"/>
</testsuite> <!-- com.Conference.TestPage.LoginTest -->
