<?xml version="1.0" encoding="UTF-8"?>
<!-- Generated by org.testng.reporters.JUnitReportReporter -->
<testsuite hostname="BHAGAVATH" failures="0" tests="2" name="com.Conference.TestPage.PaperSubmissionTest" time="1.718" errors="0" timestamp="2025-09-22T19:53:42 IST" skipped="0">
  <testcase classname="com.Conference.TestPage.PaperSubmissionTest" name="openPaperSubmissionPage" time="0.707"/>
  <testcase classname="com.Conference.TestPage.PaperSubmissionTest" name="fillpaperSubmissionForm" time="1.011"/>
</testsuite> <!-- com.Conference.TestPage.PaperSubmissionTest -->
