<?xml version="1.0" encoding="UTF-8"?>
<!-- Generated by org.testng.reporters.JUnitReportReporter -->
<testsuite hostname="BHAGAVATH" failures="0" tests="1" name="com.Conference.TestPage.HomeTest" time="0.700" errors="0" timestamp="2025-08-16T14:34:03 IST" skipped="0">
  <testcase classname="com.Conference.TestPage.HomeTest" name="clickLogin" time="0.700"/>
</testsuite> <!-- com.Conference.TestPage.HomeTest -->
