<?xml version="1.0" encoding="UTF-8"?>
<!-- Generated by org.testng.reporters.JUnitReportReporter -->
<testsuite hostname="BHAGAVATH" failures="0" tests="4" name="com.Conference.TestPage.LoginTest" time="6.827" errors="0" timestamp="2025-09-22T19:53:42 IST" skipped="0">
  <testcase classname="com.Conference.TestPage.LoginTest" name="validLogin" time="1.482"/>
  <testcase classname="com.Conference.TestPage.LoginTest" name="validLogin" time="1.257"/>
  <testcase classname="com.Conference.TestPage.LoginTest" name="validLogin" time="1.488"/>
  <testcase classname="com.Conference.TestPage.LoginTest" name="validLogin" time="2.600"/>
</testsuite> <!-- com.Conference.TestPage.LoginTest -->
