<?xml version="1.0" encoding="UTF-8"?>
<!-- Generated by org.testng.reporters.JUnitReportReporter -->
<testsuite hostname="BHAGAVATH" failures="0" tests="2" name="com.Conference.TestPage.PaperSubmissionTest" time="1.475" errors="0" timestamp="2025-09-22T20:25:21 IST" skipped="0">
  <testcase classname="com.Conference.TestPage.PaperSubmissionTest" name="openPaperSubmissionPage" time="0.675"/>
  <testcase classname="com.Conference.TestPage.PaperSubmissionTest" name="fillpaperSubmissionForm" time="0.800"/>
</testsuite> <!-- com.Conference.TestPage.PaperSubmissionTest -->
