<?xml version="1.0" encoding="UTF-8"?>
<!-- Generated by org.testng.reporters.JUnitReportReporter -->
<testsuite hostname="BHAGAVATH" failures="0" tests="2" name="com.Conference.TestPage.PaperSubmissionTest" time="1.619" errors="0" timestamp="2025-09-22T21:31:31 IST" skipped="0">
  <testcase classname="com.Conference.TestPage.PaperSubmissionTest" name="openPaperSubmissionPage" time="0.666"/>
  <testcase classname="com.Conference.TestPage.PaperSubmissionTest" name="fillpaperSubmissionForm" time="0.953"/>
</testsuite> <!-- com.Conference.TestPage.PaperSubmissionTest -->
