<?xml version="1.0" encoding="UTF-8"?>
<!-- Generated by org.testng.reporters.JUnitReportReporter -->
<testsuite hostname="BHAGAVATH" failures="0" tests="1" name="com.Conference.TestPage.HomeTest" time="1.354" errors="0" timestamp="2025-09-22T20:49:20 IST" skipped="0">
  <testcase classname="com.Conference.TestPage.HomeTest" name="clickLogin" time="1.354"/>
</testsuite> <!-- com.Conference.TestPage.HomeTest -->
